<?xml version="1.0" encoding="UTF-8"?>
<!-- Generated by org.testng.reporters.JUnitXMLReporter -->
<testsuite ignored="0" hostname="Haritha" failures="0" tests="6" name="Accounts Page Test" time="14.631" errors="0" timestamp="2024-10-28T20:57:17 CDT">
  <testcase classname="com.qa.waf.tests.AccountsPageTest" name="aplogoutLinkTest" time="0.65"/>
  <testcase classname="com.qa.waf.tests.AccountsPageTest" name="accountHeadersTest" time="0.037"/>
  <testcase classname="com.qa.waf.tests.AccountsPageTest" name="aptitleTest" time="0.007"/>
  <testcase classname="com.qa.waf.tests.AccountsPageTest" name="apgeturlTest" time="0.008"/>
  <testcase classname="com.qa.waf.tests.AccountsPageTest" name="apdoSearchTest" time="1.983"/>
  <testcase classname="com.qa.waf.tests.AccountsPageTest" name="apdoSearchTest" time="1.969"/>
</testsuite> <!-- Accounts Page Test -->
