<?xml version="1.0" encoding="UTF-8"?>
<!-- Generated by org.testng.reporters.JUnitXMLReporter -->
<testsuite ignored="0" hostname="Haritha" failures="0" tests="5" name="Login Page Test" time="8.886" errors="0" timestamp="2024-10-23T18:23:37 CDT">
  <testcase classname="com.qa.waf.tests.LoginPageTest" name="lpTitleTest" time="0.073"/>
  <testcase classname="com.qa.waf.tests.LoginPageTest" name="lpUrlTest" time="0.016"/>
  <testcase classname="com.qa.waf.tests.LoginPageTest" name="forgotpasswordTest" time="0.69"/>
  <testcase classname="com.qa.waf.tests.LoginPageTest" name="lpfooterlinksSizeTest" time="0.029"/>
  <testcase classname="com.qa.waf.tests.LoginPageTest" name="doLoginTest" time="2.873"/>
</testsuite> <!-- Login Page Test -->
