<?xml version="1.0" encoding="UTF-8"?>
<!-- Generated by org.testng.reporters.JUnitXMLReporter -->
<testsuite ignored="0" hostname="Haritha" failures="0" tests="7" name="Product Info Page Test" time="32.501" errors="0" timestamp="2024-10-28T15:54:44 CDT">
  <testcase classname="com.qa.waf.tests.ProductInfoPageTest" name="productHeaderNameTest" time="3.781"/>
  <testcase classname="com.qa.waf.tests.ProductInfoPageTest" name="productHeaderNameTest" time="3.564"/>
  <testcase classname="com.qa.waf.tests.ProductInfoPageTest" name="productImagesCountTest" time="3.41"/>
  <testcase classname="com.qa.waf.tests.ProductInfoPageTest" name="productImagesCountTest" time="3.54"/>
  <testcase classname="com.qa.waf.tests.ProductInfoPageTest" name="productMetaDataTest" time="3.348"/>
  <testcase classname="com.qa.waf.tests.ProductInfoPageTest" name="productPriceTest" time="3.283"/>
  <testcase classname="com.qa.waf.tests.ProductInfoPageTest" name="productDetailsTest" time="3.515"/>
</testsuite> <!-- Product Info Page Test -->
