<?xml version="1.0" encoding="UTF-8"?>
<!-- Generated by org.testng.reporters.JUnitXMLReporter -->
<testsuite ignored="0" hostname="Haritha" failures="0" tests="7" name="Product Info Page Test" time="28.67" errors="0" timestamp="2024-10-23T18:24:12 CDT">
  <testcase classname="com.qa.waf.tests.ProductInfoPageTest" name="productHeaderNameTest" time="3.513"/>
  <testcase classname="com.qa.waf.tests.ProductInfoPageTest" name="productHeaderNameTest" time="3.172"/>
  <testcase classname="com.qa.waf.tests.ProductInfoPageTest" name="productImagesCountTest" time="2.884"/>
  <testcase classname="com.qa.waf.tests.ProductInfoPageTest" name="productImagesCountTest" time="3.152"/>
  <testcase classname="com.qa.waf.tests.ProductInfoPageTest" name="productMetaDataTest" time="2.9"/>
  <testcase classname="com.qa.waf.tests.ProductInfoPageTest" name="productPriceTest" time="2.922"/>
  <testcase classname="com.qa.waf.tests.ProductInfoPageTest" name="productDetailsTest" time="2.766"/>
</testsuite> <!-- Product Info Page Test -->
