<?xml version="1.0" encoding="UTF-8"?>
<!-- Generated by org.testng.reporters.JUnitXMLReporter -->
<testsuite ignored="0" hostname="Haritha" failures="0" tests="6" name="Results Page Test" time="25.969" errors="0" timestamp="2024-10-28T15:54:21 CDT">
  <testcase classname="com.qa.waf.tests.ResultsTest" name="searchResultTitleTest" time="2.26"/>
  <testcase classname="com.qa.waf.tests.ResultsTest" name="searchResultTitleTest" time="2.18"/>
  <testcase classname="com.qa.waf.tests.ResultsTest" name="searchResultsProductCount" time="1.91"/>
  <testcase classname="com.qa.waf.tests.ResultsTest" name="searchResultsProductCount" time="2.255"/>
  <testcase classname="com.qa.waf.tests.ResultsTest" name="selectProductTest" time="3.308"/>
  <testcase classname="com.qa.waf.tests.ResultsTest" name="selectProductTest" time="2.995"/>
</testsuite> <!-- Results Page Test -->
