<?xml version="1.0" encoding="UTF-8"?>
<!-- Generated by org.testng.reporters.JUnitXMLReporter -->
<testsuite ignored="0" hostname="Haritha" failures="0" tests="6" name="Results Page Test" time="25.003" errors="0" timestamp="2024-10-13T12:44:57 CDT">
  <testcase classname="com.qa.waf.tests.ResultsTest" name="searchResultTitleTest" time="2.248"/>
  <testcase classname="com.qa.waf.tests.ResultsTest" name="searchResultTitleTest" time="2.099"/>
  <testcase classname="com.qa.waf.tests.ResultsTest" name="searchResultsProductCount" time="1.966"/>
  <testcase classname="com.qa.waf.tests.ResultsTest" name="searchResultsProductCount" time="2.342"/>
  <testcase classname="com.qa.waf.tests.ResultsTest" name="selectProductTest" time="3.063"/>
  <testcase classname="com.qa.waf.tests.ResultsTest" name="selectProductTest" time="2.726"/>
</testsuite> <!-- Results Page Test -->
