<?xml version="1.0" encoding="UTF-8"?>
<testng-results ignored="0" total="19" passed="19" failed="0" skipped="0">
  <reporter-output>
  </reporter-output>
  <suite started-at="2024-10-13T12:44:32 CDT" name="OpenCart Regression Suite Master Suite" finished-at="2024-10-13T12:44:57 CDT" duration-ms="25003">
    <groups>
    </groups>
    <test started-at="2024-10-13T12:44:32 CDT" name="Login Page Test" finished-at="2024-10-13T12:44:42 CDT" duration-ms="9931">
      <class name="com.qa.waf.tests.LoginPageTest">
        <test-method is-config="true" signature="setUp(java.lang.String)[pri:0, instance:com.qa.waf.tests.LoginPageTest@46046c06]" started-at="2024-10-13T12:44:32 CDT" name="setUp" finished-at="2024-10-13T12:44:38 CDT" duration-ms="5213" status="PASS">
          <params>
            <param index="0">
              <value>
                <![CDATA[chrome]]>
              </value>
            </param>
          </params>
          <reporter-output>
          </reporter-output>
        </test-method> <!-- setUp -->
        <test-method signature="lpTitleTest()[pri:0, instance:com.qa.waf.tests.LoginPageTest@46046c06]" started-at="2024-10-13T12:44:38 CDT" name="lpTitleTest" finished-at="2024-10-13T12:44:38 CDT" duration-ms="92" status="PASS">
          <reporter-output>
          </reporter-output>
        </test-method> <!-- lpTitleTest -->
        <test-method signature="lpUrlTest()[pri:1, instance:com.qa.waf.tests.LoginPageTest@46046c06]" started-at="2024-10-13T12:44:38 CDT" name="lpUrlTest" finished-at="2024-10-13T12:44:38 CDT" duration-ms="18" status="PASS">
          <reporter-output>
          </reporter-output>
        </test-method> <!-- lpUrlTest -->
        <test-method signature="forgotpasswordTest()[pri:2, instance:com.qa.waf.tests.LoginPageTest@46046c06]" started-at="2024-10-13T12:44:38 CDT" name="forgotpasswordTest" finished-at="2024-10-13T12:44:39 CDT" duration-ms="902" status="PASS">
          <reporter-output>
          </reporter-output>
        </test-method> <!-- forgotpasswordTest -->
        <test-method signature="lpfooterlinksSizeTest()[pri:3, instance:com.qa.waf.tests.LoginPageTest@46046c06]" started-at="2024-10-13T12:44:39 CDT" name="lpfooterlinksSizeTest" finished-at="2024-10-13T12:44:39 CDT" duration-ms="17" status="PASS">
          <reporter-output>
          </reporter-output>
        </test-method> <!-- lpfooterlinksSizeTest -->
        <test-method signature="doLoginTest()[pri:4, instance:com.qa.waf.tests.LoginPageTest@46046c06]" started-at="2024-10-13T12:44:39 CDT" name="doLoginTest" finished-at="2024-10-13T12:44:42 CDT" duration-ms="3229" status="PASS">
          <reporter-output>
          </reporter-output>
        </test-method> <!-- doLoginTest -->
        <test-method is-config="true" signature="tearDown()[pri:0, instance:com.qa.waf.tests.LoginPageTest@46046c06]" started-at="2024-10-13T12:44:42 CDT" name="tearDown" finished-at="2024-10-13T12:44:42 CDT" duration-ms="271" status="PASS">
          <reporter-output>
          </reporter-output>
        </test-method> <!-- tearDown -->
      </class> <!-- com.qa.waf.tests.LoginPageTest -->
    </test> <!-- Login Page Test -->
    <test started-at="2024-10-13T12:44:32 CDT" name="Accounts Page Test" finished-at="2024-10-13T12:44:49 CDT" duration-ms="16223">
      <class name="com.qa.waf.tests.AccountsPageTest">
        <test-method is-config="true" signature="setUp(java.lang.String)[pri:0, instance:com.qa.waf.tests.AccountsPageTest@65bb6275]" started-at="2024-10-13T12:44:32 CDT" name="setUp" finished-at="2024-10-13T12:44:38 CDT" duration-ms="5213" status="PASS">
          <params>
            <param index="0">
              <value>
                <![CDATA[edge]]>
              </value>
            </param>
          </params>
          <reporter-output>
          </reporter-output>
        </test-method> <!-- setUp -->
        <test-method is-config="true" signature="preCondition()[pri:0, instance:com.qa.waf.tests.AccountsPageTest@65bb6275]" started-at="2024-10-13T12:44:38 CDT" name="preCondition" finished-at="2024-10-13T12:44:41 CDT" duration-ms="3408" status="PASS">
          <reporter-output>
          </reporter-output>
        </test-method> <!-- preCondition -->
        <test-method signature="aplogoutLinkTest()[pri:5, instance:com.qa.waf.tests.AccountsPageTest@65bb6275]" started-at="2024-10-13T12:44:41 CDT" name="aplogoutLinkTest" finished-at="2024-10-13T12:44:42 CDT" duration-ms="936" status="PASS">
          <reporter-output>
          </reporter-output>
        </test-method> <!-- aplogoutLinkTest -->
        <test-method signature="accountHeadersTest()[pri:6, instance:com.qa.waf.tests.AccountsPageTest@65bb6275]" started-at="2024-10-13T12:44:42 CDT" name="accountHeadersTest" finished-at="2024-10-13T12:44:42 CDT" duration-ms="125" status="PASS">
          <reporter-output>
          </reporter-output>
        </test-method> <!-- accountHeadersTest -->
        <test-method signature="aptitleTest()[pri:7, instance:com.qa.waf.tests.AccountsPageTest@65bb6275]" started-at="2024-10-13T12:44:42 CDT" name="aptitleTest" finished-at="2024-10-13T12:44:42 CDT" duration-ms="25" status="PASS">
          <reporter-output>
          </reporter-output>
        </test-method> <!-- aptitleTest -->
        <test-method signature="apgeturlTest()[pri:8, instance:com.qa.waf.tests.AccountsPageTest@65bb6275]" started-at="2024-10-13T12:44:42 CDT" name="apgeturlTest" finished-at="2024-10-13T12:44:42 CDT" duration-ms="23" status="PASS">
          <reporter-output>
          </reporter-output>
        </test-method> <!-- apgeturlTest -->
        <test-method signature="apdoSearchTest(com.qa.waf.pojos.ProductPagePOJO)[pri:9, instance:com.qa.waf.tests.AccountsPageTest@65bb6275]" started-at="2024-10-13T12:44:42 CDT" name="apdoSearchTest" data-provider="productSearchDataMethod" finished-at="2024-10-13T12:44:45 CDT" duration-ms="2413" status="PASS">
          <params>
            <param index="0">
              <value>
                <![CDATA[ProductPagePOJO [productSearch=MacBook, productSelect=null, productImagesCount=0, brand=null, productCode=null, rewardPoints=null, availability=null, price=null, exTax=null]]]>
              </value>
            </param>
          </params>
          <reporter-output>
          </reporter-output>
        </test-method> <!-- apdoSearchTest -->
        <test-method signature="apdoSearchTest(com.qa.waf.pojos.ProductPagePOJO)[pri:9, instance:com.qa.waf.tests.AccountsPageTest@65bb6275]" started-at="2024-10-13T12:44:45 CDT" name="apdoSearchTest" data-provider="productSearchDataMethod" finished-at="2024-10-13T12:44:47 CDT" duration-ms="2637" status="PASS">
          <params>
            <param index="0">
              <value>
                <![CDATA[ProductPagePOJO [productSearch=Samsung, productSelect=null, productImagesCount=0, brand=null, productCode=null, rewardPoints=null, availability=null, price=null, exTax=null]]]>
              </value>
            </param>
          </params>
          <reporter-output>
          </reporter-output>
        </test-method> <!-- apdoSearchTest -->
        <test-method is-config="true" signature="tearDown()[pri:0, instance:com.qa.waf.tests.AccountsPageTest@65bb6275]" started-at="2024-10-13T12:44:47 CDT" name="tearDown" finished-at="2024-10-13T12:44:49 CDT" duration-ms="1372" status="PASS">
          <reporter-output>
          </reporter-output>
        </test-method> <!-- tearDown -->
      </class> <!-- com.qa.waf.tests.AccountsPageTest -->
    </test> <!-- Accounts Page Test -->
    <test started-at="2024-10-13T12:44:43 CDT" name="Register Page Test" finished-at="2024-10-13T12:44:56 CDT" duration-ms="13498">
      <class name="com.qa.waf.tests.RegisterTest">
        <test-method is-config="true" signature="setUp(java.lang.String)[pri:0, instance:com.qa.waf.tests.RegisterTest@5c887052]" started-at="2024-10-13T12:44:43 CDT" name="setUp" finished-at="2024-10-13T12:44:46 CDT" duration-ms="3441" status="PASS">
          <params>
            <param index="0">
              <value>
                <![CDATA[chrome]]>
              </value>
            </param>
          </params>
          <reporter-output>
          </reporter-output>
        </test-method> <!-- setUp -->
        <test-method is-config="true" signature="preReq()[pri:0, instance:com.qa.waf.tests.RegisterTest@5c887052]" started-at="2024-10-13T12:44:46 CDT" name="preReq" finished-at="2024-10-13T12:44:48 CDT" duration-ms="1859" status="PASS">
          <reporter-output>
          </reporter-output>
        </test-method> <!-- preReq -->
        <test-method signature="doRegisterTest(com.qa.waf.pojos.RegisterPagePOJO)[pri:18, instance:com.qa.waf.tests.RegisterTest@5c887052]" started-at="2024-10-13T12:44:48 CDT" name="doRegisterTest" data-provider="RegisterPageDataMethod" finished-at="2024-10-13T12:44:53 CDT" duration-ms="4491" status="PASS">
          <params>
            <param index="0">
              <value>
                <![CDATA[RegisterPagePOJO [firstName=john, lastName=spurlin, email=johnspirulinaaa1728841488615@gmail.com, telephone=4125877896, password=john@2024]]]>
              </value>
            </param>
          </params>
          <reporter-output>
          </reporter-output>
        </test-method> <!-- doRegisterTest -->
        <test-method signature="doRegisterTest(com.qa.waf.pojos.RegisterPagePOJO)[pri:18, instance:com.qa.waf.tests.RegisterTest@5c887052]" started-at="2024-10-13T12:44:53 CDT" name="doRegisterTest" data-provider="RegisterPageDataMethod" finished-at="2024-10-13T12:44:56 CDT" duration-ms="3460" status="PASS">
          <params>
            <param index="0">
              <value>
                <![CDATA[RegisterPagePOJO [firstName=diego, lastName=sebastian, email=diegosebastian1728841488615@gmail.com, telephone=1478523698, password=diego@2024]]]>
              </value>
            </param>
          </params>
          <reporter-output>
          </reporter-output>
        </test-method> <!-- doRegisterTest -->
        <test-method is-config="true" signature="tearDown()[pri:0, instance:com.qa.waf.tests.RegisterTest@5c887052]" started-at="2024-10-13T12:44:56 CDT" name="tearDown" finished-at="2024-10-13T12:44:56 CDT" duration-ms="234" status="PASS">
          <reporter-output>
          </reporter-output>
        </test-method> <!-- tearDown -->
      </class> <!-- com.qa.waf.tests.RegisterTest -->
    </test> <!-- Register Page Test -->
    <test started-at="2024-10-13T12:44:32 CDT" name="Results Page Test" finished-at="2024-10-13T12:44:57 CDT" duration-ms="25003">
      <class name="com.qa.waf.tests.ResultsTest">
        <test-method is-config="true" signature="setUp(java.lang.String)[pri:0, instance:com.qa.waf.tests.ResultsTest@57e388c3]" started-at="2024-10-13T12:44:32 CDT" name="setUp" finished-at="2024-10-13T12:44:39 CDT" duration-ms="6800" status="PASS">
          <params>
            <param index="0">
              <value>
                <![CDATA[firefox]]>
              </value>
            </param>
          </params>
          <reporter-output>
          </reporter-output>
        </test-method> <!-- setUp -->
        <test-method is-config="true" signature="prereq()[pri:0, instance:com.qa.waf.tests.ResultsTest@57e388c3]" started-at="2024-10-13T12:44:39 CDT" name="prereq" finished-at="2024-10-13T12:44:42 CDT" duration-ms="2862" status="PASS">
          <reporter-output>
          </reporter-output>
        </test-method> <!-- prereq -->
        <test-method signature="searchResultTitleTest(com.qa.waf.pojos.ProductPagePOJO)[pri:10, instance:com.qa.waf.tests.ResultsTest@57e388c3]" started-at="2024-10-13T12:44:42 CDT" name="searchResultTitleTest" data-provider="productSearchDataMethod" finished-at="2024-10-13T12:44:44 CDT" duration-ms="2248" status="PASS">
          <params>
            <param index="0">
              <value>
                <![CDATA[ProductPagePOJO [productSearch=MacBook, productSelect=null, productImagesCount=0, brand=null, productCode=null, rewardPoints=null, availability=null, price=null, exTax=null]]]>
              </value>
            </param>
          </params>
          <reporter-output>
          </reporter-output>
        </test-method> <!-- searchResultTitleTest -->
        <test-method signature="searchResultTitleTest(com.qa.waf.pojos.ProductPagePOJO)[pri:10, instance:com.qa.waf.tests.ResultsTest@57e388c3]" started-at="2024-10-13T12:44:44 CDT" name="searchResultTitleTest" data-provider="productSearchDataMethod" finished-at="2024-10-13T12:44:47 CDT" duration-ms="2099" status="PASS">
          <params>
            <param index="0">
              <value>
                <![CDATA[ProductPagePOJO [productSearch=Samsung, productSelect=null, productImagesCount=0, brand=null, productCode=null, rewardPoints=null, availability=null, price=null, exTax=null]]]>
              </value>
            </param>
          </params>
          <reporter-output>
          </reporter-output>
        </test-method> <!-- searchResultTitleTest -->
        <test-method signature="searchResultsProductCount(com.qa.waf.pojos.ProductPagePOJO)[pri:11, instance:com.qa.waf.tests.ResultsTest@57e388c3]" started-at="2024-10-13T12:44:47 CDT" name="searchResultsProductCount" data-provider="productSearchDataMethod" finished-at="2024-10-13T12:44:48 CDT" duration-ms="1966" status="PASS">
          <params>
            <param index="0">
              <value>
                <![CDATA[ProductPagePOJO [productSearch=MacBook, productSelect=null, productImagesCount=0, brand=null, productCode=null, rewardPoints=null, availability=null, price=null, exTax=null]]]>
              </value>
            </param>
          </params>
          <reporter-output>
          </reporter-output>
        </test-method> <!-- searchResultsProductCount -->
        <test-method signature="searchResultsProductCount(com.qa.waf.pojos.ProductPagePOJO)[pri:11, instance:com.qa.waf.tests.ResultsTest@57e388c3]" started-at="2024-10-13T12:44:48 CDT" name="searchResultsProductCount" data-provider="productSearchDataMethod" finished-at="2024-10-13T12:44:51 CDT" duration-ms="2342" status="PASS">
          <params>
            <param index="0">
              <value>
                <![CDATA[ProductPagePOJO [productSearch=Samsung, productSelect=null, productImagesCount=0, brand=null, productCode=null, rewardPoints=null, availability=null, price=null, exTax=null]]]>
              </value>
            </param>
          </params>
          <reporter-output>
          </reporter-output>
        </test-method> <!-- searchResultsProductCount -->
        <test-method signature="selectProductTest(com.qa.waf.pojos.ProductPagePOJO)[pri:12, instance:com.qa.waf.tests.ResultsTest@57e388c3]" started-at="2024-10-13T12:44:51 CDT" name="selectProductTest" data-provider="productSelectDataMethod" finished-at="2024-10-13T12:44:54 CDT" duration-ms="3063" status="PASS">
          <params>
            <param index="0">
              <value>
                <![CDATA[ProductPagePOJO [productSearch=MacBook, productSelect=MacBook Air, productImagesCount=0, brand=null, productCode=null, rewardPoints=null, availability=null, price=null, exTax=null]]]>
              </value>
            </param>
          </params>
          <reporter-output>
          </reporter-output>
        </test-method> <!-- selectProductTest -->
        <test-method signature="selectProductTest(com.qa.waf.pojos.ProductPagePOJO)[pri:12, instance:com.qa.waf.tests.ResultsTest@57e388c3]" started-at="2024-10-13T12:44:54 CDT" name="selectProductTest" data-provider="productSelectDataMethod" finished-at="2024-10-13T12:44:57 CDT" duration-ms="2726" status="PASS">
          <params>
            <param index="0">
              <value>
                <![CDATA[ProductPagePOJO [productSearch=Samsung, productSelect=Samsung Galaxy Tab 10.1, productImagesCount=0, brand=null, productCode=null, rewardPoints=null, availability=null, price=null, exTax=null]]]>
              </value>
            </param>
          </params>
          <reporter-output>
          </reporter-output>
        </test-method> <!-- selectProductTest -->
        <test-method is-config="true" signature="tearDown()[pri:0, instance:com.qa.waf.tests.ResultsTest@57e388c3]" started-at="2024-10-13T12:44:57 CDT" name="tearDown" finished-at="2024-10-13T12:44:57 CDT" duration-ms="831" status="PASS">
          <reporter-output>
          </reporter-output>
        </test-method> <!-- tearDown -->
      </class> <!-- com.qa.waf.tests.ResultsTest -->
    </test> <!-- Results Page Test -->
  </suite> <!-- OpenCart Regression Suite Master Suite -->
</testng-results>
